<?xml version="1.0" encoding="UTF-8"?>
<testng-results ignored="0" total="2" passed="2" failed="0" skipped="0">
  <reporter-output>
  </reporter-output>
  <suite started-at="2026-08-18T19:19:20 IST" name="PetSuite" finished-at="2026-08-18T19:19:26 IST" duration-ms="5927">
    <groups>
    </groups>
    <test started-at="2026-08-18T19:19:20 IST" name="PetTests" finished-at="2026-08-18T19:19:26 IST" duration-ms="5927">
      <class name="api.test.StoreTests">
        <test-method is-config="true" signature="setup()[pri:0, instance:api.test.StoreTests@235834f2]" started-at="2026-08-18T19:19:21 IST" name="setup" finished-at="2026-08-18T19:19:22 IST" duration-ms="832" status="PASS">
          <reporter-output>
          </reporter-output>
        </test-method> <!-- setup -->
        <test-method signature="testPlaceOrder()[pri:1, instance:api.test.StoreTests@235834f2]" started-at="2026-08-18T19:19:22 IST" name="testPlaceOrder" finished-at="2026-08-18T19:19:26 IST" duration-ms="3789" status="PASS">
          <reporter-output>
          </reporter-output>
        </test-method> <!-- testPlaceOrder -->
        <test-method signature="testGetOrderByPetID()[pri:2, instance:api.test.StoreTests@235834f2]" started-at="2026-08-18T19:19:26 IST" name="testGetOrderByPetID" finished-at="2026-08-18T19:19:26 IST" duration-ms="683" status="PASS">
          <reporter-output>
          </reporter-output>
        </test-method> <!-- testGetOrderByPetID -->
      </class> <!-- api.test.StoreTests -->
    </test> <!-- PetTests -->
  </suite> <!-- PetSuite -->
</testng-results>
