<?xml version="1.0" encoding="UTF-8"?>
<testng-results ignored="0" total="10" passed="10" failed="0" skipped="0">
  <reporter-output>
  </reporter-output>
  <suite started-at="2026-08-17T15:19:54 IST" name="PetSuite" finished-at="2026-08-17T15:20:07 IST" duration-ms="12606">
    <groups>
    </groups>
    <test started-at="2026-08-17T15:19:54 IST" name="PetTests" finished-at="2026-08-17T15:20:07 IST" duration-ms="12606">
      <class name="api.test.DDTests">
        <test-method signature="testPostuser(java.lang.String,java.lang.String,java.lang.String,java.lang.String,java.lang.String,java.lang.String,java.lang.String)[pri:1, instance:api.test.DDTests@4550bb58]" started-at="2026-08-17T15:19:58 IST" name="testPostuser" data-provider="Data" finished-at="2026-08-17T15:20:01 IST" duration-ms="3547" status="PASS">
          <params>
            <param index="0">
              <value>
                <![CDATA[101]]>
              </value>
            </param>
            <param index="1">
              <value>
                <![CDATA[User1]]>
              </value>
            </param>
            <param index="2">
              <value>
                <![CDATA[John]]>
              </value>
            </param>
            <param index="3">
              <value>
                <![CDATA[ Smith]]>
              </value>
            </param>
            <param index="4">
              <value>
                <![CDATA[John Smith@gmail.com]]>
              </value>
            </param>
            <param index="5">
              <value>
                <![CDATA[test@user1]]>
              </value>
            </param>
            <param index="6">
              <value>
                <![CDATA[123456789]]>
              </value>
            </param>
          </params>
          <reporter-output>
          </reporter-output>
        </test-method> <!-- testPostuser -->
        <test-method signature="testPostuser(java.lang.String,java.lang.String,java.lang.String,java.lang.String,java.lang.String,java.lang.String,java.lang.String)[pri:1, instance:api.test.DDTests@4550bb58]" started-at="2026-08-17T15:20:01 IST" name="testPostuser" data-provider="Data" finished-at="2026-08-17T15:20:02 IST" duration-ms="583" status="PASS">
          <params>
            <param index="0">
              <value>
                <![CDATA[102]]>
              </value>
            </param>
            <param index="1">
              <value>
                <![CDATA[User2]]>
              </value>
            </param>
            <param index="2">
              <value>
                <![CDATA[Mary]]>
              </value>
            </param>
            <param index="3">
              <value>
                <![CDATA[Davis]]>
              </value>
            </param>
            <param index="4">
              <value>
                <![CDATA[Mary Davis@gmail.com]]>
              </value>
            </param>
            <param index="5">
              <value>
                <![CDATA[test@user2]]>
              </value>
            </param>
            <param index="6">
              <value>
                <![CDATA[987654321]]>
              </value>
            </param>
          </params>
          <reporter-output>
          </reporter-output>
        </test-method> <!-- testPostuser -->
        <test-method signature="testPostuser(java.lang.String,java.lang.String,java.lang.String,java.lang.String,java.lang.String,java.lang.String,java.lang.String)[pri:1, instance:api.test.DDTests@4550bb58]" started-at="2026-08-17T15:20:02 IST" name="testPostuser" data-provider="Data" finished-at="2026-08-17T15:20:03 IST" duration-ms="578" status="PASS">
          <params>
            <param index="0">
              <value>
                <![CDATA[103]]>
              </value>
            </param>
            <param index="1">
              <value>
                <![CDATA[User3]]>
              </value>
            </param>
            <param index="2">
              <value>
                <![CDATA[Mark]]>
              </value>
            </param>
            <param index="3">
              <value>
                <![CDATA[Wilson]]>
              </value>
            </param>
            <param index="4">
              <value>
                <![CDATA[Mark Wilson@gmail.com]]>
              </value>
            </param>
            <param index="5">
              <value>
                <![CDATA[test@user3]]>
              </value>
            </param>
            <param index="6">
              <value>
                <![CDATA[568974123]]>
              </value>
            </param>
          </params>
          <reporter-output>
          </reporter-output>
        </test-method> <!-- testPostuser -->
        <test-method signature="testPostuser(java.lang.String,java.lang.String,java.lang.String,java.lang.String,java.lang.String,java.lang.String,java.lang.String)[pri:1, instance:api.test.DDTests@4550bb58]" started-at="2026-08-17T15:20:03 IST" name="testPostuser" data-provider="Data" finished-at="2026-08-17T15:20:03 IST" duration-ms="600" status="PASS">
          <params>
            <param index="0">
              <value>
                <![CDATA[104]]>
              </value>
            </param>
            <param index="1">
              <value>
                <![CDATA[User4]]>
              </value>
            </param>
            <param index="2">
              <value>
                <![CDATA[Lucy]]>
              </value>
            </param>
            <param index="3">
              <value>
                <![CDATA[Jones]]>
              </value>
            </param>
            <param index="4">
              <value>
                <![CDATA[Lucy Jones@gmail.com]]>
              </value>
            </param>
            <param index="5">
              <value>
                <![CDATA[test@user4]]>
              </value>
            </param>
            <param index="6">
              <value>
                <![CDATA[895674123]]>
              </value>
            </param>
          </params>
          <reporter-output>
          </reporter-output>
        </test-method> <!-- testPostuser -->
        <test-method signature="testPostuser(java.lang.String,java.lang.String,java.lang.String,java.lang.String,java.lang.String,java.lang.String,java.lang.String)[pri:1, instance:api.test.DDTests@4550bb58]" started-at="2026-08-17T15:20:03 IST" name="testPostuser" data-provider="Data" finished-at="2026-08-17T15:20:04 IST" duration-ms="555" status="PASS">
          <params>
            <param index="0">
              <value>
                <![CDATA[105]]>
              </value>
            </param>
            <param index="1">
              <value>
                <![CDATA[User5]]>
              </value>
            </param>
            <param index="2">
              <value>
                <![CDATA[Jane]]>
              </value>
            </param>
            <param index="3">
              <value>
                <![CDATA[Taylor]]>
              </value>
            </param>
            <param index="4">
              <value>
                <![CDATA[Jane Taylor@gmail.com]]>
              </value>
            </param>
            <param index="5">
              <value>
                <![CDATA[test@user5]]>
              </value>
            </param>
            <param index="6">
              <value>
                <![CDATA[785623146]]>
              </value>
            </param>
          </params>
          <reporter-output>
          </reporter-output>
        </test-method> <!-- testPostuser -->
        <test-method signature="testDeleteUserByName(java.lang.String)[pri:2, instance:api.test.DDTests@4550bb58]" started-at="2026-08-17T15:20:04 IST" name="testDeleteUserByName" data-provider="UserNames" finished-at="2026-08-17T15:20:05 IST" duration-ms="578" status="PASS">
          <params>
            <param index="0">
              <value>
                <![CDATA[User1]]>
              </value>
            </param>
          </params>
          <reporter-output>
          </reporter-output>
        </test-method> <!-- testDeleteUserByName -->
        <test-method signature="testDeleteUserByName(java.lang.String)[pri:2, instance:api.test.DDTests@4550bb58]" started-at="2026-08-17T15:20:05 IST" name="testDeleteUserByName" data-provider="UserNames" finished-at="2026-08-17T15:20:05 IST" duration-ms="575" status="PASS">
          <params>
            <param index="0">
              <value>
                <![CDATA[User2]]>
              </value>
            </param>
          </params>
          <reporter-output>
          </reporter-output>
        </test-method> <!-- testDeleteUserByName -->
        <test-method signature="testDeleteUserByName(java.lang.String)[pri:2, instance:api.test.DDTests@4550bb58]" started-at="2026-08-17T15:20:05 IST" name="testDeleteUserByName" data-provider="UserNames" finished-at="2026-08-17T15:20:06 IST" duration-ms="574" status="PASS">
          <params>
            <param index="0">
              <value>
                <![CDATA[User3]]>
              </value>
            </param>
          </params>
          <reporter-output>
          </reporter-output>
        </test-method> <!-- testDeleteUserByName -->
        <test-method signature="testDeleteUserByName(java.lang.String)[pri:2, instance:api.test.DDTests@4550bb58]" started-at="2026-08-17T15:20:06 IST" name="testDeleteUserByName" data-provider="UserNames" finished-at="2026-08-17T15:20:06 IST" duration-ms="570" status="PASS">
          <params>
            <param index="0">
              <value>
                <![CDATA[User4]]>
              </value>
            </param>
          </params>
          <reporter-output>
          </reporter-output>
        </test-method> <!-- testDeleteUserByName -->
        <test-method signature="testDeleteUserByName(java.lang.String)[pri:2, instance:api.test.DDTests@4550bb58]" started-at="2026-08-17T15:20:06 IST" name="testDeleteUserByName" data-provider="UserNames" finished-at="2026-08-17T15:20:07 IST" duration-ms="567" status="PASS">
          <params>
            <param index="0">
              <value>
                <![CDATA[User5]]>
              </value>
            </param>
          </params>
          <reporter-output>
          </reporter-output>
        </test-method> <!-- testDeleteUserByName -->
      </class> <!-- api.test.DDTests -->
    </test> <!-- PetTests -->
  </suite> <!-- PetSuite -->
</testng-results>
