<?xml version="1.0" encoding="UTF-8"?>
<!-- Generated by org.testng.reporters.JUnitReportReporter -->
<testsuite hostname="DESKTOP-4SJOV3E" failures="0" tests="4" name="api.test.UserTests" time="6.061" errors="0" timestamp="2026-08-17T15:16:22 IST" skipped="0">
  <testcase classname="api.test.UserTests" name="testPostUser" time="3.690"/>
  <system-out/>
  <testcase classname="api.test.UserTests" name="testGetUserByName" time="0.623"/>
  <system-out/>
  <testcase classname="api.test.UserTests" name="testUpdateUserByName" time="1.169"/>
  <system-out/>
  <testcase classname="api.test.UserTests" name="testDeleteUserByName" time="0.579"/>
  <system-out/>
</testsuite> <!-- api.test.UserTests -->
