<?xml version="1.0" encoding="UTF-8"?>
<!-- Generated by org.testng.reporters.JUnitReportReporter -->
<testsuite hostname="DESKTOP-4SJOV3E" failures="0" tests="2" name="api.test.StoreTests" time="4.472" errors="0" timestamp="2026-08-18T19:19:27 IST" skipped="0">
  <testcase classname="api.test.StoreTests" name="testPlaceOrder" time="3.789"/>
  <system-out/>
  <testcase classname="api.test.StoreTests" name="testGetOrderByPetID" time="0.683"/>
  <system-out/>
</testsuite> <!-- api.test.StoreTests -->
