<?xml version="1.0" encoding="UTF-8"?>
<!-- Generated by org.testng.reporters.JUnitReportReporter -->
<testsuite hostname="DESKTOP-4SJOV3E" failures="0" tests="4" name="api.test.UserTests" time="6.027" errors="0" timestamp="2026-08-14T19:43:10 IST" skipped="0">
  <testcase classname="api.test.UserTests" name="testPostUser" time="3.587"/>
  <system-out/>
  <testcase classname="api.test.UserTests" name="testGetUserByName" time="0.664"/>
  <system-out/>
  <testcase classname="api.test.UserTests" name="testUpdateUserByName" time="1.189"/>
  <system-out/>
  <testcase classname="api.test.UserTests" name="testDeleteUserByName" time="0.587"/>
  <system-out/>
</testsuite> <!-- api.test.UserTests -->
