<?xml version="1.0" encoding="UTF-8"?>
<!-- Generated by org.testng.reporters.JUnitReportReporter -->
<testsuite hostname="DESKTOP-4SJOV3E" failures="0" tests="10" name="api.test.DDTests" time="8.727" errors="0" timestamp="2026-08-17T15:20:08 IST" skipped="0">
  <testcase classname="api.test.DDTests" name="testPostuser" time="0.583"/>
  <system-out/>
  <testcase classname="api.test.DDTests" name="testPostuser" time="0.578"/>
  <system-out/>
  <testcase classname="api.test.DDTests" name="testPostuser" time="3.547"/>
  <system-out/>
  <testcase classname="api.test.DDTests" name="testPostuser" time="0.555"/>
  <system-out/>
  <testcase classname="api.test.DDTests" name="testPostuser" time="0.600"/>
  <system-out/>
  <testcase classname="api.test.DDTests" name="testDeleteUserByName" time="0.570"/>
  <system-out/>
  <testcase classname="api.test.DDTests" name="testDeleteUserByName" time="0.567"/>
  <system-out/>
  <testcase classname="api.test.DDTests" name="testDeleteUserByName" time="0.578"/>
  <system-out/>
  <testcase classname="api.test.DDTests" name="testDeleteUserByName" time="0.574"/>
  <system-out/>
  <testcase classname="api.test.DDTests" name="testDeleteUserByName" time="0.575"/>
  <system-out/>
</testsuite> <!-- api.test.DDTests -->
