<?xml version="1.0" encoding="UTF-8"?>
<!-- Generated by org.testng.reporters.JUnitReportReporter -->
<testsuite hostname="DESKTOP-4SJOV3E" failures="0" tests="4" name="api.test.UserTests2" time="6.554" errors="0" timestamp="2026-08-14T19:37:16 IST" skipped="0">
  <testcase classname="api.test.UserTests2" name="testPostUser" time="4.129"/>
  <system-out/>
  <testcase classname="api.test.UserTests2" name="testGetUserByName" time="0.635"/>
  <system-out/>
  <testcase classname="api.test.UserTests2" name="testUpdateUserByName" time="1.198"/>
  <system-out/>
  <testcase classname="api.test.UserTests2" name="testDeleteUserByName" time="0.592"/>
  <system-out/>
</testsuite> <!-- api.test.UserTests2 -->
