<?xml version="1.0" encoding="UTF-8"?>
<!-- Generated by org.testng.reporters.JUnitXMLReporter -->
<testsuite ignored="0" hostname="DESKTOP-4SJOV3E" failures="0" tests="4" name="PetTests" time="7.847" errors="0" timestamp="2026-08-14T19:43:09 IST">
  <testcase classname="api.test.UserTests" name="testPostUser" time="3.587"/>
  <testcase classname="api.test.UserTests" name="testGetUserByName" time="0.664"/>
  <testcase classname="api.test.UserTests" name="testUpdateUserByName" time="1.189"/>
  <testcase classname="api.test.UserTests" name="testDeleteUserByName" time="0.587"/>
</testsuite> <!-- PetTests -->
