<?xml version="1.0" encoding="UTF-8"?>
<!-- Generated by org.testng.reporters.JUnitXMLReporter -->
<testsuite ignored="0" hostname="DESKTOP-4SJOV3E" failures="0" tests="10" name="PetTests" time="12.606" errors="0" timestamp="2026-08-17T15:20:07 IST">
  <testcase classname="api.test.DDTests" name="testPostuser" time="3.547"/>
  <testcase classname="api.test.DDTests" name="testPostuser" time="0.583"/>
  <testcase classname="api.test.DDTests" name="testPostuser" time="0.578"/>
  <testcase classname="api.test.DDTests" name="testPostuser" time="0.6"/>
  <testcase classname="api.test.DDTests" name="testPostuser" time="0.555"/>
  <testcase classname="api.test.DDTests" name="testDeleteUserByName" time="0.578"/>
  <testcase classname="api.test.DDTests" name="testDeleteUserByName" time="0.575"/>
  <testcase classname="api.test.DDTests" name="testDeleteUserByName" time="0.574"/>
  <testcase classname="api.test.DDTests" name="testDeleteUserByName" time="0.57"/>
  <testcase classname="api.test.DDTests" name="testDeleteUserByName" time="0.567"/>
</testsuite> <!-- PetTests -->
